0 info it worked if it ends with ok
1 verbose cli [ '/usr/local/bin/node',
1 verbose cli   '/usr/local/bin/npm',
1 verbose cli   'install',
1 verbose cli   'bcrypt-as-promised',
1 verbose cli   '--save' ]
2 info using npm@2.15.9
3 info using node@v4.6.0
4 verbose install initial load of /Users/student/Desktop/2016-09-shortly-express/package.json
5 verbose installManyTop reading scoped package data from /Users/student/Desktop/2016-09-shortly-express/node_modules/babel-cli/package.json
6 verbose installManyTop reading scoped package data from /Users/student/Desktop/2016-09-shortly-express/node_modules/babel-preset-es2015/package.json
7 verbose installManyTop reading scoped package data from /Users/student/Desktop/2016-09-shortly-express/node_modules/babel-register/package.json
8 verbose installManyTop reading scoped package data from /Users/student/Desktop/2016-09-shortly-express/node_modules/bcrypt-nodejs/package.json
9 verbose installManyTop reading scoped package data from /Users/student/Desktop/2016-09-shortly-express/node_modules/bluebird/package.json
10 verbose installManyTop reading scoped package data from /Users/student/Desktop/2016-09-shortly-express/node_modules/body-parser/package.json
11 verbose installManyTop reading scoped package data from /Users/student/Desktop/2016-09-shortly-express/node_modules/bookshelf/package.json
12 verbose installManyTop reading scoped package data from /Users/student/Desktop/2016-09-shortly-express/node_modules/chai/package.json
13 verbose installManyTop reading scoped package data from /Users/student/Desktop/2016-09-shortly-express/node_modules/cookie-parser/package.json
14 verbose installManyTop reading scoped package data from /Users/student/Desktop/2016-09-shortly-express/node_modules/cookieparser/package.json
15 verbose installManyTop reading scoped package data from /Users/student/Desktop/2016-09-shortly-express/node_modules/core-js/package.json
16 verbose installManyTop reading scoped package data from /Users/student/Desktop/2016-09-shortly-express/node_modules/ejs/package.json
17 verbose installManyTop reading scoped package data from /Users/student/Desktop/2016-09-shortly-express/node_modules/eslint-config-hackreactor/package.json
18 verbose installManyTop reading scoped package data from /Users/student/Desktop/2016-09-shortly-express/node_modules/express/package.json
19 verbose installManyTop reading scoped package data from /Users/student/Desktop/2016-09-shortly-express/node_modules/express-partials/package.json
20 verbose installManyTop reading scoped package data from /Users/student/Desktop/2016-09-shortly-express/node_modules/express-session/package.json
21 verbose installManyTop reading scoped package data from /Users/student/Desktop/2016-09-shortly-express/node_modules/express-sessions/package.json
22 verbose installManyTop reading scoped package data from /Users/student/Desktop/2016-09-shortly-express/node_modules/knex/package.json
23 verbose installManyTop reading scoped package data from /Users/student/Desktop/2016-09-shortly-express/node_modules/mocha/package.json
24 verbose installManyTop reading scoped package data from /Users/student/Desktop/2016-09-shortly-express/node_modules/passport/package.json
25 verbose installManyTop reading scoped package data from /Users/student/Desktop/2016-09-shortly-express/node_modules/passport-github2/package.json
26 verbose installManyTop reading scoped package data from /Users/student/Desktop/2016-09-shortly-express/node_modules/passport-local/package.json
27 verbose installManyTop reading scoped package data from /Users/student/Desktop/2016-09-shortly-express/node_modules/passport-oauth/package.json
28 verbose installManyTop reading scoped package data from /Users/student/Desktop/2016-09-shortly-express/node_modules/request/package.json
29 verbose installManyTop reading scoped package data from /Users/student/Desktop/2016-09-shortly-express/node_modules/sqlite3/package.json
30 info package.json express-partials@0.3.0 No license field.
31 info package.json passport-oauth@1.0.0 No license field.
32 info package.json express-sessions@1.0.6 No license field.
33 info package.json bcrypt-nodejs@0.0.3 No license field.
34 info package.json passport-local@1.0.0 No license field.
35 info package.json passport-github2@0.1.10 No license field.
36 verbose readDependencies loading dependencies from /Users/student/Desktop/2016-09-shortly-express/package.json
37 silly cache add args [ 'bcrypt-as-promised', null ]
38 verbose cache add spec bcrypt-as-promised
39 silly cache add parsed spec Result {
39 silly cache add   raw: 'bcrypt-as-promised',
39 silly cache add   scope: null,
39 silly cache add   name: 'bcrypt-as-promised',
39 silly cache add   rawSpec: '',
39 silly cache add   spec: 'latest',
39 silly cache add   type: 'tag' }
40 silly addNamed bcrypt-as-promised@latest
41 verbose addNamed "latest" is being treated as a dist-tag for bcrypt-as-promised
42 info addNameTag [ 'bcrypt-as-promised', 'latest' ]
43 silly mapToRegistry name bcrypt-as-promised
44 silly mapToRegistry using default registry
45 silly mapToRegistry registry https://registry.npmjs.org/
46 silly mapToRegistry data Result {
46 silly mapToRegistry   raw: 'bcrypt-as-promised',
46 silly mapToRegistry   scope: null,
46 silly mapToRegistry   name: 'bcrypt-as-promised',
46 silly mapToRegistry   rawSpec: '',
46 silly mapToRegistry   spec: 'latest',
46 silly mapToRegistry   type: 'tag' }
47 silly mapToRegistry uri https://registry.npmjs.org/bcrypt-as-promised
48 verbose addNameTag registry:https://registry.npmjs.org/bcrypt-as-promised not in flight; fetching
49 verbose request uri https://registry.npmjs.org/bcrypt-as-promised
50 verbose request no auth needed
51 info attempt registry request try #1 at 4:53:48 PM
52 verbose request id 0dbb07acbceb106e
53 verbose etag "C0Q30UCDVYB0PYSI4F0PDKMT5"
54 http request GET https://registry.npmjs.org/bcrypt-as-promised
55 http 304 https://registry.npmjs.org/bcrypt-as-promised
56 verbose headers { date: 'Tue, 11 Oct 2016 23:53:48 GMT',
56 verbose headers   via: '1.1 varnish',
56 verbose headers   'cache-control': 'max-age=300',
56 verbose headers   etag: '"C0Q30UCDVYB0PYSI4F0PDKMT5"',
56 verbose headers   age: '85',
56 verbose headers   connection: 'keep-alive',
56 verbose headers   'x-served-by': 'cache-sea1923-SEA',
56 verbose headers   'x-cache': 'HIT',
56 verbose headers   'x-cache-hits': '1',
56 verbose headers   'x-timer': 'S1476230028.478110,VS0,VE0',
56 verbose headers   vary: 'Accept-Encoding' }
57 silly get cb [ 304,
57 silly get   { date: 'Tue, 11 Oct 2016 23:53:48 GMT',
57 silly get     via: '1.1 varnish',
57 silly get     'cache-control': 'max-age=300',
57 silly get     etag: '"C0Q30UCDVYB0PYSI4F0PDKMT5"',
57 silly get     age: '85',
57 silly get     connection: 'keep-alive',
57 silly get     'x-served-by': 'cache-sea1923-SEA',
57 silly get     'x-cache': 'HIT',
57 silly get     'x-cache-hits': '1',
57 silly get     'x-timer': 'S1476230028.478110,VS0,VE0',
57 silly get     vary: 'Accept-Encoding' } ]
58 verbose etag https://registry.npmjs.org/bcrypt-as-promised from cache
59 verbose get saving bcrypt-as-promised to /Users/student/.npm/registry.npmjs.org/bcrypt-as-promised/.cache.json
60 verbose correctMkdir /Users/student/.npm correctMkdir not in flight; initializing
61 silly addNameTag next cb for bcrypt-as-promised with tag latest
62 silly addNamed bcrypt-as-promised@1.1.0
63 verbose addNamed "1.1.0" is a plain semver version for bcrypt-as-promised
64 silly cache afterAdd bcrypt-as-promised@1.1.0
65 verbose afterAdd /Users/student/.npm/bcrypt-as-promised/1.1.0/package/package.json not in flight; writing
66 verbose correctMkdir /Users/student/.npm correctMkdir not in flight; initializing
67 verbose afterAdd /Users/student/.npm/bcrypt-as-promised/1.1.0/package/package.json written
68 silly install resolved [ { name: 'bcrypt-as-promised',
68 silly install resolved     version: '1.1.0',
68 silly install resolved     description: 'A promisified bcrypt',
68 silly install resolved     main: 'index.js',
68 silly install resolved     scripts:
68 silly install resolved      { test: 'istanbul cover _mocha && npm run check-coverage',
68 silly install resolved        'check-coverage': 'istanbul check-coverage' },
68 silly install resolved     repository:
68 silly install resolved      { type: 'git',
68 silly install resolved        url: 'git+ssh://git@github.com/iceddev/bcrypt-as-promised.git' },
68 silly install resolved     keywords: [ 'bcrypt', 'promise' ],
68 silly install resolved     author: { name: 'Luis Montes' },
68 silly install resolved     license: 'MIT',
68 silly install resolved     bugs: { url: 'https://github.com/iceddev/bcrypt-as-promised/issues' },
68 silly install resolved     homepage: 'https://github.com/iceddev/bcrypt-as-promised',
68 silly install resolved     dependencies: { bcrypt: '^0.8.0', when: '^3.5.2' },
68 silly install resolved     devDependencies:
68 silly install resolved      { chai: '^1.9.2',
68 silly install resolved        'chai-as-promised': '^4.1.1',
68 silly install resolved        istanbul: '^0.3.2',
68 silly install resolved        mocha: '^2.0.1' },
68 silly install resolved     gitHead: '0f2c5a87977fc9b1efff9dc14400ea56055ad01e',
68 silly install resolved     _id: 'bcrypt-as-promised@1.1.0',
68 silly install resolved     _shasum: 'b41441dc63cda1864450a6ae587272cf5738fcf6',
68 silly install resolved     _from: 'bcrypt-as-promised@latest',
68 silly install resolved     _npmVersion: '2.14.13',
68 silly install resolved     _nodeVersion: '0.10.36',
68 silly install resolved     _npmUser: { name: 'phated', email: 'blaine@iceddev.com' },
68 silly install resolved     maintainers: [ [Object], [Object] ],
68 silly install resolved     dist:
68 silly install resolved      { shasum: 'b41441dc63cda1864450a6ae587272cf5738fcf6',
68 silly install resolved        tarball: 'https://registry.npmjs.org/bcrypt-as-promised/-/bcrypt-as-promised-1.1.0.tgz' },
68 silly install resolved     directories: {},
68 silly install resolved     _resolved: 'https://registry.npmjs.org/bcrypt-as-promised/-/bcrypt-as-promised-1.1.0.tgz',
68 silly install resolved     readme: 'ERROR: No README data found!' } ]
69 info install bcrypt-as-promised@1.1.0 into /Users/student/Desktop/2016-09-shortly-express
70 info installOne bcrypt-as-promised@1.1.0
71 verbose installOne of bcrypt-as-promised to /Users/student/Desktop/2016-09-shortly-express not in flight; installing
72 verbose correctMkdir /Users/student/.npm/_locks correctMkdir not in flight; initializing
73 verbose lock using /Users/student/.npm/_locks/bcrypt-as-promised-e2a8cca533025402.lock for /Users/student/Desktop/2016-09-shortly-express/node_modules/bcrypt-as-promised
74 silly install write writing bcrypt-as-promised 1.1.0 to /Users/student/Desktop/2016-09-shortly-express/node_modules/bcrypt-as-promised
75 verbose unbuild node_modules/bcrypt-as-promised
76 silly gentlyRm /Users/student/Desktop/2016-09-shortly-express/node_modules/bcrypt-as-promised is being purged from base /Users/student/Desktop/2016-09-shortly-express
77 verbose gentlyRm don't care about contents; nuking /Users/student/Desktop/2016-09-shortly-express/node_modules/bcrypt-as-promised
78 verbose tar unpack /Users/student/.npm/bcrypt-as-promised/1.1.0/package.tgz
79 verbose tar unpacking to /Users/student/Desktop/2016-09-shortly-express/node_modules/bcrypt-as-promised
80 silly gentlyRm /Users/student/Desktop/2016-09-shortly-express/node_modules/bcrypt-as-promised is being purged
81 verbose gentlyRm don't care about contents; nuking /Users/student/Desktop/2016-09-shortly-express/node_modules/bcrypt-as-promised
82 silly gunzTarPerm modes [ '755', '644' ]
83 silly gunzTarPerm extractEntry package.json
84 silly gunzTarPerm extractEntry .npmignore
85 silly gunzTarPerm extractEntry LICENSE
86 silly gunzTarPerm extractEntry index.js
87 silly gunzTarPerm extractEntry .travis.yml
88 silly gunzTarPerm extractEntry Readme.md
89 silly gunzTarPerm extractEntry test/index.js
90 verbose write writing to /Users/student/Desktop/2016-09-shortly-express/node_modules/bcrypt-as-promised/package.json
91 info preinstall bcrypt-as-promised@1.1.0
92 verbose readDependencies loading dependencies from /Users/student/Desktop/2016-09-shortly-express/node_modules/bcrypt-as-promised/package.json
93 silly prepareForInstallMany adding bcrypt@^0.8.0 from bcrypt-as-promised dependencies
94 silly prepareForInstallMany adding when@^3.5.2 from bcrypt-as-promised dependencies
95 verbose readDependencies loading dependencies from /Users/student/Desktop/2016-09-shortly-express/node_modules/bcrypt-as-promised/package.json
96 silly cache add args [ 'when@^3.5.2', null ]
97 verbose cache add spec when@^3.5.2
98 silly cache add parsed spec Result {
98 silly cache add   raw: 'when@^3.5.2',
98 silly cache add   scope: null,
98 silly cache add   name: 'when',
98 silly cache add   rawSpec: '^3.5.2',
98 silly cache add   spec: '>=3.5.2 <4.0.0',
98 silly cache add   type: 'range' }
99 silly addNamed when@>=3.5.2 <4.0.0
100 verbose addNamed ">=3.5.2 <4.0.0" is a valid semver range for when
101 silly addNameRange { name: 'when', range: '>=3.5.2 <4.0.0', hasData: false }
102 silly mapToRegistry name when
103 silly mapToRegistry using default registry
104 silly mapToRegistry registry https://registry.npmjs.org/
105 silly mapToRegistry data Result {
105 silly mapToRegistry   raw: 'when',
105 silly mapToRegistry   scope: null,
105 silly mapToRegistry   name: 'when',
105 silly mapToRegistry   rawSpec: '',
105 silly mapToRegistry   spec: 'latest',
105 silly mapToRegistry   type: 'tag' }
106 silly mapToRegistry uri https://registry.npmjs.org/when
107 verbose addNameRange registry:https://registry.npmjs.org/when not in flight; fetching
108 silly cache add args [ 'bcrypt@^0.8.0', null ]
109 verbose cache add spec bcrypt@^0.8.0
110 silly cache add parsed spec Result {
110 silly cache add   raw: 'bcrypt@^0.8.0',
110 silly cache add   scope: null,
110 silly cache add   name: 'bcrypt',
110 silly cache add   rawSpec: '^0.8.0',
110 silly cache add   spec: '>=0.8.0 <0.9.0',
110 silly cache add   type: 'range' }
111 silly addNamed bcrypt@>=0.8.0 <0.9.0
112 verbose addNamed ">=0.8.0 <0.9.0" is a valid semver range for bcrypt
113 silly addNameRange { name: 'bcrypt', range: '>=0.8.0 <0.9.0', hasData: false }
114 silly mapToRegistry name bcrypt
115 silly mapToRegistry using default registry
116 silly mapToRegistry registry https://registry.npmjs.org/
117 silly mapToRegistry data Result {
117 silly mapToRegistry   raw: 'bcrypt',
117 silly mapToRegistry   scope: null,
117 silly mapToRegistry   name: 'bcrypt',
117 silly mapToRegistry   rawSpec: '',
117 silly mapToRegistry   spec: 'latest',
117 silly mapToRegistry   type: 'tag' }
118 silly mapToRegistry uri https://registry.npmjs.org/bcrypt
119 verbose addNameRange registry:https://registry.npmjs.org/bcrypt not in flight; fetching
120 verbose request uri https://registry.npmjs.org/when
121 verbose request no auth needed
122 info attempt registry request try #1 at 4:53:48 PM
123 verbose etag "4N53PJJTXBVLC61S70WY55YFA"
124 http request GET https://registry.npmjs.org/when
125 verbose request uri https://registry.npmjs.org/bcrypt
126 verbose request no auth needed
127 info attempt registry request try #1 at 4:53:48 PM
128 verbose etag "2W7CTWO1ETKY4R5XARYMM9SFN"
129 http request GET https://registry.npmjs.org/bcrypt
130 http 304 https://registry.npmjs.org/when
131 verbose headers { date: 'Tue, 11 Oct 2016 23:53:48 GMT',
131 verbose headers   via: '1.1 varnish',
131 verbose headers   'cache-control': 'max-age=300',
131 verbose headers   etag: '"4N53PJJTXBVLC61S70WY55YFA"',
131 verbose headers   age: '239',
131 verbose headers   connection: 'keep-alive',
131 verbose headers   'x-served-by': 'cache-sea1923-SEA',
131 verbose headers   'x-cache': 'HIT',
131 verbose headers   'x-cache-hits': '7',
131 verbose headers   'x-timer': 'S1476230028.642907,VS0,VE0',
131 verbose headers   vary: 'Accept-Encoding' }
132 silly get cb [ 304,
132 silly get   { date: 'Tue, 11 Oct 2016 23:53:48 GMT',
132 silly get     via: '1.1 varnish',
132 silly get     'cache-control': 'max-age=300',
132 silly get     etag: '"4N53PJJTXBVLC61S70WY55YFA"',
132 silly get     age: '239',
132 silly get     connection: 'keep-alive',
132 silly get     'x-served-by': 'cache-sea1923-SEA',
132 silly get     'x-cache': 'HIT',
132 silly get     'x-cache-hits': '7',
132 silly get     'x-timer': 'S1476230028.642907,VS0,VE0',
132 silly get     vary: 'Accept-Encoding' } ]
133 verbose etag https://registry.npmjs.org/when from cache
134 verbose get saving when to /Users/student/.npm/registry.npmjs.org/when/.cache.json
135 verbose correctMkdir /Users/student/.npm correctMkdir not in flight; initializing
136 silly addNameRange number 2 { name: 'when', range: '>=3.5.2 <4.0.0', hasData: true }
137 silly addNameRange versions [ 'when',
137 silly addNameRange   [ '1.2.0',
137 silly addNameRange     '1.3.0',
137 silly addNameRange     '1.4.0',
137 silly addNameRange     '1.4.1',
137 silly addNameRange     '1.4.2',
137 silly addNameRange     '1.4.3',
137 silly addNameRange     '1.4.4',
137 silly addNameRange     '1.5.0',
137 silly addNameRange     '1.5.1',
137 silly addNameRange     '1.5.2',
137 silly addNameRange     '1.6.0',
137 silly addNameRange     '1.6.1',
137 silly addNameRange     '1.7.0',
137 silly addNameRange     '1.7.1',
137 silly addNameRange     '1.8.0',
137 silly addNameRange     '1.8.1',
137 silly addNameRange     '2.0.0',
137 silly addNameRange     '2.0.1',
137 silly addNameRange     '2.1.0',
137 silly addNameRange     '2.1.1',
137 silly addNameRange     '2.2.0',
137 silly addNameRange     '2.2.1',
137 silly addNameRange     '2.3.0',
137 silly addNameRange     '2.4.0',
137 silly addNameRange     '2.5.0',
137 silly addNameRange     '2.5.1',
137 silly addNameRange     '2.6.0',
137 silly addNameRange     '2.7.0',
137 silly addNameRange     '2.7.1',
137 silly addNameRange     '2.8.0',
137 silly addNameRange     '3.0.0',
137 silly addNameRange     '3.0.1',
137 silly addNameRange     '3.1.0',
137 silly addNameRange     '3.2.0',
137 silly addNameRange     '3.2.1',
137 silly addNameRange     '3.2.2',
137 silly addNameRange     '3.2.3',
137 silly addNameRange     '3.3.0',
137 silly addNameRange     '3.3.1',
137 silly addNameRange     '3.4.0',
137 silly addNameRange     '3.4.1',
137 silly addNameRange     '3.4.2',
137 silly addNameRange     '3.4.3',
137 silly addNameRange     '3.4.4',
137 silly addNameRange     '3.4.5',
137 silly addNameRange     '3.4.6',
137 silly addNameRange     '3.5.0',
137 silly addNameRange     '3.5.1',
137 silly addNameRange     '3.5.2',
137 silly addNameRange     '3.6.0',
137 silly addNameRange     '3.6.1',
137 silly addNameRange     '3.6.2',
137 silly addNameRange     '3.6.3',
137 silly addNameRange     '3.6.4',
137 silly addNameRange     '3.7.0',
137 silly addNameRange     '3.7.1',
137 silly addNameRange     '3.7.2',
137 silly addNameRange     '3.7.3',
137 silly addNameRange     '3.7.4',
137 silly addNameRange     '3.7.5',
137 silly addNameRange     '3.7.6',
137 silly addNameRange     '3.7.7' ] ]
138 silly addNamed when@3.7.7
139 verbose addNamed "3.7.7" is a plain semver version for when
140 silly cache afterAdd when@3.7.7
141 verbose afterAdd /Users/student/.npm/when/3.7.7/package/package.json not in flight; writing
142 verbose correctMkdir /Users/student/.npm correctMkdir not in flight; initializing
143 verbose afterAdd /Users/student/.npm/when/3.7.7/package/package.json written
144 http 304 https://registry.npmjs.org/bcrypt
145 verbose headers { date: 'Tue, 11 Oct 2016 23:53:48 GMT',
145 verbose headers   via: '1.1 varnish',
145 verbose headers   'cache-control': 'max-age=300',
145 verbose headers   etag: '"2W7CTWO1ETKY4R5XARYMM9SFN"',
145 verbose headers   age: '202',
145 verbose headers   connection: 'keep-alive',
145 verbose headers   'x-served-by': 'cache-sea1920-SEA',
145 verbose headers   'x-cache': 'HIT',
145 verbose headers   'x-cache-hits': '1',
145 verbose headers   'x-timer': 'S1476230028.700050,VS0,VE0',
145 verbose headers   vary: 'Accept-Encoding' }
146 silly get cb [ 304,
146 silly get   { date: 'Tue, 11 Oct 2016 23:53:48 GMT',
146 silly get     via: '1.1 varnish',
146 silly get     'cache-control': 'max-age=300',
146 silly get     etag: '"2W7CTWO1ETKY4R5XARYMM9SFN"',
146 silly get     age: '202',
146 silly get     connection: 'keep-alive',
146 silly get     'x-served-by': 'cache-sea1920-SEA',
146 silly get     'x-cache': 'HIT',
146 silly get     'x-cache-hits': '1',
146 silly get     'x-timer': 'S1476230028.700050,VS0,VE0',
146 silly get     vary: 'Accept-Encoding' } ]
147 verbose etag https://registry.npmjs.org/bcrypt from cache
148 verbose get saving bcrypt to /Users/student/.npm/registry.npmjs.org/bcrypt/.cache.json
149 verbose correctMkdir /Users/student/.npm correctMkdir not in flight; initializing
150 silly addNameRange number 2 { name: 'bcrypt', range: '>=0.8.0 <0.9.0', hasData: true }
151 silly addNameRange versions [ 'bcrypt',
151 silly addNameRange   [ '0.1.2',
151 silly addNameRange     '0.2.0',
151 silly addNameRange     '0.2.1',
151 silly addNameRange     '0.1.3',
151 silly addNameRange     '0.2.2',
151 silly addNameRange     '0.2.3',
151 silly addNameRange     '0.2.4',
151 silly addNameRange     '0.3.0',
151 silly addNameRange     '0.3.1',
151 silly addNameRange     '0.3.2',
151 silly addNameRange     '0.4.0',
151 silly addNameRange     '0.4.1',
151 silly addNameRange     '0.5.0',
151 silly addNameRange     '0.6.0',
151 silly addNameRange     '0.7.0',
151 silly addNameRange     '0.7.1',
151 silly addNameRange     '0.7.2',
151 silly addNameRange     '0.7.3',
151 silly addNameRange     '0.7.4',
151 silly addNameRange     '0.7.5',
151 silly addNameRange     '0.7.6',
151 silly addNameRange     '0.7.7',
151 silly addNameRange     '0.7.8',
151 silly addNameRange     '0.8.0',
151 silly addNameRange     '0.8.1',
151 silly addNameRange     '0.8.2',
151 silly addNameRange     '0.8.3',
151 silly addNameRange     '0.8.4',
151 silly addNameRange     '0.8.5',
151 silly addNameRange     '0.8.6',
151 silly addNameRange     '0.8.7' ] ]
152 silly addNamed bcrypt@0.8.7
153 verbose addNamed "0.8.7" is a plain semver version for bcrypt
154 silly cache afterAdd bcrypt@0.8.7
155 verbose afterAdd /Users/student/.npm/bcrypt/0.8.7/package/package.json not in flight; writing
156 verbose correctMkdir /Users/student/.npm correctMkdir not in flight; initializing
157 verbose afterAdd /Users/student/.npm/bcrypt/0.8.7/package/package.json written
158 silly install resolved [ { name: 'when',
158 silly install resolved     version: '3.7.7',
158 silly install resolved     description: 'A lightweight Promises/A+ and when() implementation, plus other async goodies.',
158 silly install resolved     keywords:
158 silly install resolved      [ 'cujo',
158 silly install resolved        'Promises/A+',
158 silly install resolved        'promises-aplus',
158 silly install resolved        'promise',
158 silly install resolved        'promises',
158 silly install resolved        'deferred',
158 silly install resolved        'deferreds',
158 silly install resolved        'when',
158 silly install resolved        'async',
158 silly install resolved        'asynchronous',
158 silly install resolved        'ender' ],
158 silly install resolved     homepage: 'http://cujojs.com',
158 silly install resolved     license: 'MIT',
158 silly install resolved     repository: { type: 'git', url: 'git+https://github.com/cujojs/when.git' },
158 silly install resolved     bugs: { url: 'https://github.com/cujojs/when/issues' },
158 silly install resolved     maintainers: [ [Object] ],
158 silly install resolved     contributors: [ [Object], [Object], [Object] ],
158 silly install resolved     devDependencies:
158 silly install resolved      { benchmark: '~1',
158 silly install resolved        browserify: '~2',
158 silly install resolved        buster: '~0.7',
158 silly install resolved        exorcist: '~0.4',
158 silly install resolved        jshint: '~2',
158 silly install resolved        json5: '~0.2',
158 silly install resolved        microtime: '~0',
158 silly install resolved        optimist: '~0.6',
158 silly install resolved        poly: '^0.6.1',
158 silly install resolved        'promises-aplus-tests': '~2',
158 silly install resolved        rest: '1.1.x',
158 silly install resolved        'sauce-connect-launcher': '~0.4',
158 silly install resolved        'uglify-js': '~2',
158 silly install resolved        wd: '~0.2' },
158 silly install resolved     main: 'when.js',
158 silly install resolved     ender: { files: [Object] },
158 silly install resolved     browser: { when: './dist/browser/when.js', vertx: false },
158 silly install resolved     directories: { test: 'test' },
158 silly install resolved     scripts:
158 silly install resolved      { test: 'jshint . && buster-test -e node && promises-aplus-tests test/promises-aplus-adapter.js',
158 silly install resolved        'build-browser-test': 'browserify ./node_modules/poly/es5.js -o test/browser/es5.js && browserify ./test/*-test.js ./test/**/*-test.js -o test/browser/tests.js -x buster ',
158 silly install resolved        'browser-test': 'npm run build-browser-test && buster-static -e browser -p 8080',
158 silly install resolved        ci: 'npm test && node test/sauce.js',
158 silly install resolved        tunnel: 'node test/sauce.js -m',
158 silly install resolved        start: 'buster-static -e browser',
158 silly install resolved        benchmark: 'node benchmark/promise && node benchmark/map',
158 silly install resolved        prepublish: 'npm run browserify && npm run uglify',
158 silly install resolved        preversion: 'npm run browserify && npm run uglify',
158 silly install resolved        browserify: 'npm run browserify-es6 && npm run browserify-when && npm run browserify-debug',
158 silly install resolved        'browserify-es6': 'browserify -s Promise es6-shim/Promise.browserify-es6.js --no-detect-globals --debug | exorcist -b . -r https://raw.githubusercontent.com/cujojs/when/`git rev-parse HEAD` es6-shim/Promise.js.map >es6-shim/Promise.js',
158 silly install resolved        'browserify-when': 'mkdir -p dist/browser && browserify -s when build/when.browserify.js --no-detect-globals --debug | exorcist -b . -r https://raw.githubusercontent.com/cujojs/when/`git rev-parse HEAD` dist/browser/when.js.map >dist/browser/when.js',
158 silly install resolved        'browserify-debug': 'mkdir -p dist/browser && browserify -s when build/when.browserify-debug.js --no-detect-globals --debug | exorcist -b . -r https://raw.githubusercontent.com/cujojs/when/`git rev-parse HEAD` dist/browser/when.debug.js.map >dist/browser/when.debug.js',
158 silly install resolved        uglify: 'npm run uglify-es6 && npm run uglify-when',
158 silly install resolved        'uglify-es6': 'cd es6-shim; uglifyjs Promise.js --compress --mangle  --in-source-map Promise.js.map --source-map Promise.min.js.map -o Promise.min.js; cd ../..',
158 silly install resolved        'uglify-when': 'cd dist/browser; uglifyjs when.js --compress --mangle  --in-source-map when.js.map --source-map when.min.js.map -o when.min.js; cd ../..' },
158 silly install resolved     gitHead: '1516d791439f28cbb8f1854d16fef15e904a8a83',
158 silly install resolved     _id: 'when@3.7.7',
158 silly install resolved     _shasum: 'aba03fc3bb736d6c88b091d013d8a8e590d84718',
158 silly install resolved     _from: 'when@>=3.5.2 <4.0.0',
158 silly install resolved     _npmVersion: '2.14.7',
158 silly install resolved     _nodeVersion: '4.2.3',
158 silly install resolved     _npmUser: { name: 'cujojs', email: 'info@cujojs.com' },
158 silly install resolved     dist:
158 silly install resolved      { shasum: 'aba03fc3bb736d6c88b091d013d8a8e590d84718',
158 silly install resolved        tarball: 'https://registry.npmjs.org/when/-/when-3.7.7.tgz' },
158 silly install resolved     _resolved: 'https://registry.npmjs.org/when/-/when-3.7.7.tgz',
158 silly install resolved     readme: 'ERROR: No README data found!' },
158 silly install resolved   { name: 'bcrypt',
158 silly install resolved     description: 'A bcrypt library for NodeJS.',
158 silly install resolved     keywords:
158 silly install resolved      [ 'bcrypt',
158 silly install resolved        'password',
158 silly install resolved        'auth',
158 silly install resolved        'authentication',
158 silly install resolved        'encryption',
158 silly install resolved        'crypt',
158 silly install resolved        'crypto' ],
158 silly install resolved     main: './bcrypt',
158 silly install resolved     version: '0.8.7',
158 silly install resolved     author: { name: 'Nick Campbell', url: 'https://github.com/ncb000gt' },
158 silly install resolved     engines: { node: '>= 0.6.0' },
158 silly install resolved     repository:
158 silly install resolved      { type: 'git',
158 silly install resolved        url: 'git+https://github.com/ncb000gt/node.bcrypt.js.git' },
158 silly install resolved     license: 'MIT',
158 silly install resolved     bugs: { url: 'https://github.com/ncb000gt/node.bcrypt.js/issues' },
158 silly install resolved     scripts:
158 silly install resolved      { test: 'node-gyp configure build && nodeunit test',
158 silly install resolved        install: 'node-gyp rebuild' },
158 silly install resolved     dependencies: { bindings: '1.2.1', nan: '2.3.5' },
158 silly install resolved     devDependencies: { nodeunit: '~0.9.1' },
158 silly install resolved     contributors:
158 silly install resolved      [ [Object],
158 silly install resolved        [Object],
158 silly install resolved        [Object],
158 silly install resolved        [Object],
158 silly install resolved        [Object],
158 silly install resolved        [Object],
158 silly install resolved        [Object],
158 silly install resolved        [Object],
158 silly install resolved        [Object],
158 silly install resolved        [Object],
158 silly install resolved        [Object],
158 silly install resolved        [Object],
158 silly install resolved        [Object],
158 silly install resolved        [Object] ],
158 silly install resolved     gypfile: true,
158 silly install resolved     gitHead: '0dc9b78dab6980d129b77d1df723aa44daa7deb4',
158 silly install resolved     homepage: 'https://github.com/ncb000gt/node.bcrypt.js#readme',
158 silly install resolved     _id: 'bcrypt@0.8.7',
158 silly install resolved     _shasum: 'bc3875a9afd0a7b2cd231a6a7f218a5ce156b093',
158 silly install resolved     _from: 'bcrypt@>=0.8.0 <0.9.0',
158 silly install resolved     _npmVersion: '3.8.9',
158 silly install resolved     _nodeVersion: '6.2.0',
158 silly install resolved     _npmUser: { name: 'defunctzombie', email: 'shtylman@gmail.com' },
158 silly install resolved     dist:
158 silly install resolved      { shasum: 'bc3875a9afd0a7b2cd231a6a7f218a5ce156b093',
158 silly install resolved        tarball: 'https://registry.npmjs.org/bcrypt/-/bcrypt-0.8.7.tgz' },
158 silly install resolved     maintainers: [ [Object], [Object], [Object], [Object] ],
158 silly install resolved     _npmOperationalInternal:
158 silly install resolved      { host: 'packages-12-west.internal.npmjs.com',
158 silly install resolved        tmp: 'tmp/bcrypt-0.8.7.tgz_1465526713712_0.05265477881766856' },
158 silly install resolved     directories: {},
158 silly install resolved     _resolved: 'https://registry.npmjs.org/bcrypt/-/bcrypt-0.8.7.tgz',
158 silly install resolved     readme: 'ERROR: No README data found!' } ]
159 info install when@3.7.7 into /Users/student/Desktop/2016-09-shortly-express/node_modules/bcrypt-as-promised
160 info install bcrypt@0.8.7 into /Users/student/Desktop/2016-09-shortly-express/node_modules/bcrypt-as-promised
161 info installOne when@3.7.7
162 verbose installOne of when to /Users/student/Desktop/2016-09-shortly-express/node_modules/bcrypt-as-promised not in flight; installing
163 verbose correctMkdir /Users/student/.npm/_locks correctMkdir not in flight; initializing
164 info installOne bcrypt@0.8.7
165 verbose installOne of bcrypt to /Users/student/Desktop/2016-09-shortly-express/node_modules/bcrypt-as-promised not in flight; installing
166 verbose correctMkdir /Users/student/.npm/_locks correctMkdir not in flight; initializing
167 verbose lock using /Users/student/.npm/_locks/when-7f1b3c8e4dfe8158.lock for /Users/student/Desktop/2016-09-shortly-express/node_modules/bcrypt-as-promised/node_modules/when
168 verbose lock using /Users/student/.npm/_locks/bcrypt-af8ba2eeb00ef25c.lock for /Users/student/Desktop/2016-09-shortly-express/node_modules/bcrypt-as-promised/node_modules/bcrypt
169 silly install write writing when 3.7.7 to /Users/student/Desktop/2016-09-shortly-express/node_modules/bcrypt-as-promised/node_modules/when
170 silly install write writing bcrypt 0.8.7 to /Users/student/Desktop/2016-09-shortly-express/node_modules/bcrypt-as-promised/node_modules/bcrypt
171 verbose unbuild node_modules/bcrypt-as-promised/node_modules/when
172 verbose unbuild node_modules/bcrypt-as-promised/node_modules/bcrypt
173 silly gentlyRm /Users/student/Desktop/2016-09-shortly-express/node_modules/bcrypt-as-promised/node_modules/when is being purged from base /Users/student/Desktop/2016-09-shortly-express
174 verbose gentlyRm don't care about contents; nuking /Users/student/Desktop/2016-09-shortly-express/node_modules/bcrypt-as-promised/node_modules/when
175 silly gentlyRm /Users/student/Desktop/2016-09-shortly-express/node_modules/bcrypt-as-promised/node_modules/bcrypt is being purged from base /Users/student/Desktop/2016-09-shortly-express
176 verbose gentlyRm don't care about contents; nuking /Users/student/Desktop/2016-09-shortly-express/node_modules/bcrypt-as-promised/node_modules/bcrypt
177 verbose tar unpack /Users/student/.npm/when/3.7.7/package.tgz
178 verbose tar unpacking to /Users/student/Desktop/2016-09-shortly-express/node_modules/bcrypt-as-promised/node_modules/when
179 silly gentlyRm /Users/student/Desktop/2016-09-shortly-express/node_modules/bcrypt-as-promised/node_modules/when is being purged
180 verbose gentlyRm don't care about contents; nuking /Users/student/Desktop/2016-09-shortly-express/node_modules/bcrypt-as-promised/node_modules/when
181 verbose tar unpack /Users/student/.npm/bcrypt/0.8.7/package.tgz
182 verbose tar unpacking to /Users/student/Desktop/2016-09-shortly-express/node_modules/bcrypt-as-promised/node_modules/bcrypt
183 silly gentlyRm /Users/student/Desktop/2016-09-shortly-express/node_modules/bcrypt-as-promised/node_modules/bcrypt is being purged
184 verbose gentlyRm don't care about contents; nuking /Users/student/Desktop/2016-09-shortly-express/node_modules/bcrypt-as-promised/node_modules/bcrypt
185 silly gunzTarPerm modes [ '755', '644' ]
186 silly gunzTarPerm modes [ '755', '644' ]
187 silly gunzTarPerm extractEntry package.json
188 silly gunzTarPerm extractEntry package.json
189 silly gunzTarPerm extractEntry README.md
190 silly gunzTarPerm extractEntry delay.js
191 silly gunzTarPerm extractEntry .npmignore
192 silly gunzTarPerm extractEntry README.md
193 silly gunzTarPerm extractEntry generator.js
194 silly gunzTarPerm extractEntry guard.js
195 silly gunzTarPerm extractEntry LICENSE
196 silly gunzTarPerm extractEntry bcrypt.js
197 silly gunzTarPerm extractEntry Makefile
198 silly gunzTarPerm extractEntry .travis.yml
199 silly gunzTarPerm extractEntry CHANGELOG.md
200 silly gunzTarPerm extractEntry binding.gyp
201 silly gunzTarPerm extractEntry examples/async_compare.js
202 silly gunzTarPerm extractEntry examples/forever_gen_salt.js
203 silly gunzTarPerm extractEntry test/async.js
204 silly gunzTarPerm extractEntry test/repetitions.js
205 silly gunzTarPerm extractEntry test/sync.js
206 silly gunzTarPerm extractEntry ISSUE_TEMPLATE.md
207 silly gunzTarPerm extractEntry src/bcrypt.cc
208 silly gunzTarPerm extractEntry src/bcrypt_node.cc
209 silly gunzTarPerm extractEntry src/blowfish.cc
210 silly gunzTarPerm extractEntry src/node_blf.h
211 silly gunzTarPerm extractEntry werker.yml
212 silly gunzTarPerm extractEntry callbacks.js
213 silly gunzTarPerm extractEntry monitor.js
214 silly gunzTarPerm extractEntry function.js
215 silly gunzTarPerm extractEntry unfold.js
216 silly gunzTarPerm extractEntry cancelable.js
217 silly gunzTarPerm extractEntry parallel.js
218 silly gunzTarPerm extractEntry pipeline.js
219 silly gunzTarPerm extractEntry poll.js
220 silly gunzTarPerm extractEntry node.js
221 silly gunzTarPerm extractEntry when.js
222 silly gunzTarPerm extractEntry sequence.js
223 silly gunzTarPerm extractEntry timeout.js
224 silly gunzTarPerm extractEntry keys.js
225 silly gunzTarPerm extractEntry es6-shim/README.md
226 silly gunzTarPerm extractEntry es6-shim/Promise.browserify-es6.js
227 silly gunzTarPerm extractEntry es6-shim/Promise.js
228 silly gunzTarPerm extractEntry es6-shim/Promise.min.js
229 silly gunzTarPerm extractEntry es6-shim/Promise.js.map
230 silly gunzTarPerm extractEntry es6-shim/Promise.min.js.map
231 silly gunzTarPerm extractEntry CHANGES.md
232 silly gunzTarPerm extractEntry LICENSE.txt
233 silly gunzTarPerm extractEntry lib/Promise.js
234 silly gunzTarPerm extractEntry lib/Scheduler.js
235 silly gunzTarPerm extractEntry lib/TimeoutError.js
236 silly gunzTarPerm extractEntry lib/apply.js
237 silly gunzTarPerm extractEntry lib/env.js
238 silly gunzTarPerm extractEntry lib/format.js
239 silly gunzTarPerm extractEntry lib/liftAll.js
240 silly gunzTarPerm extractEntry lib/makePromise.js
241 silly gunzTarPerm extractEntry lib/state.js
242 silly gunzTarPerm extractEntry lib/decorators/array.js
243 silly gunzTarPerm extractEntry lib/decorators/flow.js
244 silly gunzTarPerm extractEntry lib/decorators/fold.js
245 silly gunzTarPerm extractEntry lib/decorators/inspect.js
246 silly gunzTarPerm extractEntry lib/decorators/iterate.js
247 silly gunzTarPerm extractEntry lib/decorators/progress.js
248 silly gunzTarPerm extractEntry lib/decorators/timed.js
249 silly gunzTarPerm extractEntry lib/decorators/unhandledRejection.js
250 verbose write writing to /Users/student/Desktop/2016-09-shortly-express/node_modules/bcrypt-as-promised/node_modules/bcrypt/package.json
251 info preinstall bcrypt@0.8.7
252 silly gunzTarPerm extractEntry lib/decorators/with.js
253 silly gunzTarPerm extractEntry monitor/README.md
254 verbose readDependencies loading dependencies from /Users/student/Desktop/2016-09-shortly-express/node_modules/bcrypt-as-promised/node_modules/bcrypt/package.json
255 silly prepareForInstallMany adding bindings@1.2.1 from bcrypt dependencies
256 silly prepareForInstallMany adding nan@2.3.5 from bcrypt dependencies
257 verbose readDependencies loading dependencies from /Users/student/Desktop/2016-09-shortly-express/node_modules/bcrypt-as-promised/node_modules/bcrypt/package.json
258 silly gunzTarPerm extractEntry monitor/ConsoleReporter.js
259 silly gunzTarPerm extractEntry monitor/PromiseMonitor.js
260 silly gunzTarPerm extractEntry monitor/console.js
261 silly gunzTarPerm extractEntry monitor/error.js
262 silly gunzTarPerm extractEntry node/function.js
263 silly cache add args [ 'bindings@1.2.1', null ]
264 verbose cache add spec bindings@1.2.1
265 silly cache add args [ 'nan@2.3.5', null ]
266 verbose cache add spec nan@2.3.5
267 silly cache add parsed spec Result {
267 silly cache add   raw: 'bindings@1.2.1',
267 silly cache add   scope: null,
267 silly cache add   name: 'bindings',
267 silly cache add   rawSpec: '1.2.1',
267 silly cache add   spec: '1.2.1',
267 silly cache add   type: 'version' }
268 silly addNamed bindings@1.2.1
269 verbose addNamed "1.2.1" is a plain semver version for bindings
270 silly mapToRegistry name bindings
271 silly mapToRegistry using default registry
272 silly mapToRegistry registry https://registry.npmjs.org/
273 silly mapToRegistry data Result {
273 silly mapToRegistry   raw: 'bindings',
273 silly mapToRegistry   scope: null,
273 silly mapToRegistry   name: 'bindings',
273 silly mapToRegistry   rawSpec: '',
273 silly mapToRegistry   spec: 'latest',
273 silly mapToRegistry   type: 'tag' }
274 silly mapToRegistry uri https://registry.npmjs.org/bindings
275 verbose addNameVersion registry:https://registry.npmjs.org/bindings not in flight; fetching
276 silly cache add parsed spec Result {
276 silly cache add   raw: 'nan@2.3.5',
276 silly cache add   scope: null,
276 silly cache add   name: 'nan',
276 silly cache add   rawSpec: '2.3.5',
276 silly cache add   spec: '2.3.5',
276 silly cache add   type: 'version' }
277 silly addNamed nan@2.3.5
278 verbose addNamed "2.3.5" is a plain semver version for nan
279 silly mapToRegistry name nan
280 silly mapToRegistry using default registry
281 silly mapToRegistry registry https://registry.npmjs.org/
282 silly mapToRegistry data Result {
282 silly mapToRegistry   raw: 'nan',
282 silly mapToRegistry   scope: null,
282 silly mapToRegistry   name: 'nan',
282 silly mapToRegistry   rawSpec: '',
282 silly mapToRegistry   spec: 'latest',
282 silly mapToRegistry   type: 'tag' }
283 silly mapToRegistry uri https://registry.npmjs.org/nan
284 verbose addNameVersion registry:https://registry.npmjs.org/nan not in flight; fetching
285 silly gunzTarPerm extractEntry dist/browser/when.debug.js
286 silly gunzTarPerm extractEntry dist/browser/when.js
287 silly gunzTarPerm extractEntry dist/browser/when.min.js
288 silly gunzTarPerm extractEntry dist/browser/when.debug.js.map
289 silly gunzTarPerm extractEntry dist/browser/when.js.map
290 silly gunzTarPerm extractEntry dist/browser/when.min.js.map
291 silly gunzTarPerm extractEntry unfold/list.js
292 verbose request uri https://registry.npmjs.org/bindings
293 verbose request no auth needed
294 info attempt registry request try #1 at 4:53:48 PM
295 verbose etag "C1AW6UVQGY4VZQGFC1WTIGMDV"
296 http request GET https://registry.npmjs.org/bindings
297 verbose request uri https://registry.npmjs.org/nan
298 verbose request no auth needed
299 info attempt registry request try #1 at 4:53:48 PM
300 verbose etag "1YJEPM5V4XH0MZT0HV3B8R9BB"
301 http request GET https://registry.npmjs.org/nan
302 http 304 https://registry.npmjs.org/bindings
303 verbose headers { date: 'Tue, 11 Oct 2016 23:53:48 GMT',
303 verbose headers   via: '1.1 varnish',
303 verbose headers   'cache-control': 'max-age=300',
303 verbose headers   etag: '"C1AW6UVQGY4VZQGFC1WTIGMDV"',
303 verbose headers   age: '51',
303 verbose headers   connection: 'keep-alive',
303 verbose headers   'x-served-by': 'cache-sea1923-SEA',
303 verbose headers   'x-cache': 'HIT',
303 verbose headers   'x-cache-hits': '10',
303 verbose headers   'x-timer': 'S1476230028.876922,VS0,VE0',
303 verbose headers   vary: 'Accept-Encoding' }
304 silly get cb [ 304,
304 silly get   { date: 'Tue, 11 Oct 2016 23:53:48 GMT',
304 silly get     via: '1.1 varnish',
304 silly get     'cache-control': 'max-age=300',
304 silly get     etag: '"C1AW6UVQGY4VZQGFC1WTIGMDV"',
304 silly get     age: '51',
304 silly get     connection: 'keep-alive',
304 silly get     'x-served-by': 'cache-sea1923-SEA',
304 silly get     'x-cache': 'HIT',
304 silly get     'x-cache-hits': '10',
304 silly get     'x-timer': 'S1476230028.876922,VS0,VE0',
304 silly get     vary: 'Accept-Encoding' } ]
305 verbose etag https://registry.npmjs.org/bindings from cache
306 verbose get saving bindings to /Users/student/.npm/registry.npmjs.org/bindings/.cache.json
307 verbose correctMkdir /Users/student/.npm correctMkdir not in flight; initializing
308 http 304 https://registry.npmjs.org/nan
309 verbose headers { date: 'Tue, 11 Oct 2016 23:53:48 GMT',
309 verbose headers   via: '1.1 varnish',
309 verbose headers   'cache-control': 'max-age=300',
309 verbose headers   etag: '"1YJEPM5V4XH0MZT0HV3B8R9BB"',
309 verbose headers   age: '291',
309 verbose headers   connection: 'keep-alive',
309 verbose headers   'x-served-by': 'cache-sea1920-SEA',
309 verbose headers   'x-cache': 'HIT',
309 verbose headers   'x-cache-hits': '66',
309 verbose headers   'x-timer': 'S1476230028.881070,VS0,VE0',
309 verbose headers   vary: 'Accept-Encoding' }
310 silly get cb [ 304,
310 silly get   { date: 'Tue, 11 Oct 2016 23:53:48 GMT',
310 silly get     via: '1.1 varnish',
310 silly get     'cache-control': 'max-age=300',
310 silly get     etag: '"1YJEPM5V4XH0MZT0HV3B8R9BB"',
310 silly get     age: '291',
310 silly get     connection: 'keep-alive',
310 silly get     'x-served-by': 'cache-sea1920-SEA',
310 silly get     'x-cache': 'HIT',
310 silly get     'x-cache-hits': '66',
310 silly get     'x-timer': 'S1476230028.881070,VS0,VE0',
310 silly get     vary: 'Accept-Encoding' } ]
311 verbose etag https://registry.npmjs.org/nan from cache
312 verbose get saving nan to /Users/student/.npm/registry.npmjs.org/nan/.cache.json
313 verbose correctMkdir /Users/student/.npm correctMkdir not in flight; initializing
314 silly cache afterAdd bindings@1.2.1
315 verbose afterAdd /Users/student/.npm/bindings/1.2.1/package/package.json not in flight; writing
316 verbose correctMkdir /Users/student/.npm correctMkdir not in flight; initializing
317 silly cache afterAdd nan@2.3.5
318 verbose afterAdd /Users/student/.npm/nan/2.3.5/package/package.json not in flight; writing
319 verbose correctMkdir /Users/student/.npm correctMkdir not in flight; initializing
320 verbose afterAdd /Users/student/.npm/bindings/1.2.1/package/package.json written
321 verbose afterAdd /Users/student/.npm/nan/2.3.5/package/package.json written
322 silly install resolved [ { name: 'bindings',
322 silly install resolved     description: 'Helper module for loading your native module\'s .node file',
322 silly install resolved     keywords: [ 'native', 'addon', 'bindings', 'gyp', 'waf', 'c', 'c++' ],
322 silly install resolved     version: '1.2.1',
322 silly install resolved     author:
322 silly install resolved      { name: 'Nathan Rajlich',
322 silly install resolved        email: 'nathan@tootallnate.net',
322 silly install resolved        url: 'http://tootallnate.net' },
322 silly install resolved     repository:
322 silly install resolved      { type: 'git',
322 silly install resolved        url: 'git://github.com/TooTallNate/node-bindings.git' },
322 silly install resolved     main: './bindings.js',
322 silly install resolved     bugs: { url: 'https://github.com/TooTallNate/node-bindings/issues' },
322 silly install resolved     homepage: 'https://github.com/TooTallNate/node-bindings',
322 silly install resolved     license: 'MIT',
322 silly install resolved     gitHead: 'e404152ee27f8478ccbc7122ee051246e8e5ec02',
322 silly install resolved     _id: 'bindings@1.2.1',
322 silly install resolved     scripts: {},
322 silly install resolved     _shasum: '14ad6113812d2d37d72e67b4cacb4bb726505f11',
322 silly install resolved     _from: 'bindings@1.2.1',
322 silly install resolved     _npmVersion: '1.4.14',
322 silly install resolved     _npmUser: { name: 'tootallnate', email: 'nathan@tootallnate.net' },
322 silly install resolved     maintainers: [ [Object], [Object] ],
322 silly install resolved     dist:
322 silly install resolved      { shasum: '14ad6113812d2d37d72e67b4cacb4bb726505f11',
322 silly install resolved        tarball: 'https://registry.npmjs.org/bindings/-/bindings-1.2.1.tgz' },
322 silly install resolved     directories: {},
322 silly install resolved     _resolved: 'https://registry.npmjs.org/bindings/-/bindings-1.2.1.tgz',
322 silly install resolved     readme: 'ERROR: No README data found!' },
322 silly install resolved   { name: 'nan',
322 silly install resolved     version: '2.3.5',
322 silly install resolved     description: 'Native Abstractions for Node.js: C++ header for Node 0.8 -> 6 compatibility',
322 silly install resolved     main: 'include_dirs.js',
322 silly install resolved     repository: { type: 'git', url: 'git://github.com/nodejs/nan.git' },
322 silly install resolved     scripts:
322 silly install resolved      { test: 'tap --gc --stderr test/js/*-test.js',
322 silly install resolved        'rebuild-tests': 'node-gyp rebuild --msvs_version=2013 --directory test',
322 silly install resolved        docs: 'doc/.build.sh' },
322 silly install resolved     contributors:
322 silly install resolved      [ [Object],
322 silly install resolved        [Object],
322 silly install resolved        [Object],
322 silly install resolved        [Object],
322 silly install resolved        [Object],
322 silly install resolved        [Object],
322 silly install resolved        [Object] ],
322 silly install resolved     devDependencies:
322 silly install resolved      { bindings: '~1.2.1',
322 silly install resolved        commander: '^2.8.1',
322 silly install resolved        glob: '^5.0.14',
322 silly install resolved        'node-gyp': '~3.0.1',
322 silly install resolved        tap: '~0.7.1',
322 silly install resolved        xtend: '~4.0.0' },
322 silly install resolved     license: 'MIT',
322 silly install resolved     bugs: { url: 'https://github.com/nodejs/nan/issues' },
322 silly install resolved     homepage: 'https://github.com/nodejs/nan#readme',
322 silly install resolved     _id: 'nan@2.3.5',
322 silly install resolved     _shasum: '822a0dc266290ce4cd3a12282ca3e7e364668a08',
322 silly install resolved     _resolved: 'https://registry.npmjs.org/nan/-/nan-2.3.5.tgz',
322 silly install resolved     _from: 'nan@2.3.5',
322 silly install resolved     _npmVersion: '3.3.6',
322 silly install resolved     _nodeVersion: '5.0.0',
322 silly install resolved     _npmUser: { name: 'kkoopa', email: 'bbyholm@abo.fi' },
322 silly install resolved     dist:
322 silly install resolved      { shasum: '822a0dc266290ce4cd3a12282ca3e7e364668a08',
322 silly install resolved        tarball: 'https://registry.npmjs.org/nan/-/nan-2.3.5.tgz' },
322 silly install resolved     maintainers: [ [Object], [Object] ],
322 silly install resolved     _npmOperationalInternal:
322 silly install resolved      { host: 'packages-12-west.internal.npmjs.com',
322 silly install resolved        tmp: 'tmp/nan-2.3.5.tgz_1464707164994_0.4295874561648816' },
322 silly install resolved     directories: {},
322 silly install resolved     readme: 'ERROR: No README data found!' } ]
323 info install bindings@1.2.1 into /Users/student/Desktop/2016-09-shortly-express/node_modules/bcrypt-as-promised/node_modules/bcrypt
324 info install nan@2.3.5 into /Users/student/Desktop/2016-09-shortly-express/node_modules/bcrypt-as-promised/node_modules/bcrypt
325 info installOne bindings@1.2.1
326 verbose installOne of bindings to /Users/student/Desktop/2016-09-shortly-express/node_modules/bcrypt-as-promised/node_modules/bcrypt not in flight; installing
327 verbose correctMkdir /Users/student/.npm/_locks correctMkdir not in flight; initializing
328 info installOne nan@2.3.5
329 verbose installOne of nan to /Users/student/Desktop/2016-09-shortly-express/node_modules/bcrypt-as-promised/node_modules/bcrypt not in flight; installing
330 verbose correctMkdir /Users/student/.npm/_locks correctMkdir not in flight; initializing
331 verbose lock using /Users/student/.npm/_locks/nan-d963c311be3a4162.lock for /Users/student/Desktop/2016-09-shortly-express/node_modules/bcrypt-as-promised/node_modules/bcrypt/node_modules/nan
332 verbose lock using /Users/student/.npm/_locks/bindings-61965ab0640653a4.lock for /Users/student/Desktop/2016-09-shortly-express/node_modules/bcrypt-as-promised/node_modules/bcrypt/node_modules/bindings
333 silly install write writing nan 2.3.5 to /Users/student/Desktop/2016-09-shortly-express/node_modules/bcrypt-as-promised/node_modules/bcrypt/node_modules/nan
334 silly install write writing bindings 1.2.1 to /Users/student/Desktop/2016-09-shortly-express/node_modules/bcrypt-as-promised/node_modules/bcrypt/node_modules/bindings
335 verbose unbuild node_modules/bcrypt-as-promised/node_modules/bcrypt/node_modules/nan
336 verbose unbuild node_modules/bcrypt-as-promised/node_modules/bcrypt/node_modules/bindings
337 silly gentlyRm /Users/student/Desktop/2016-09-shortly-express/node_modules/bcrypt-as-promised/node_modules/bcrypt/node_modules/nan is being purged from base /Users/student/Desktop/2016-09-shortly-express
338 verbose gentlyRm don't care about contents; nuking /Users/student/Desktop/2016-09-shortly-express/node_modules/bcrypt-as-promised/node_modules/bcrypt/node_modules/nan
339 silly gentlyRm /Users/student/Desktop/2016-09-shortly-express/node_modules/bcrypt-as-promised/node_modules/bcrypt/node_modules/bindings is being purged from base /Users/student/Desktop/2016-09-shortly-express
340 verbose gentlyRm don't care about contents; nuking /Users/student/Desktop/2016-09-shortly-express/node_modules/bcrypt-as-promised/node_modules/bcrypt/node_modules/bindings
341 verbose tar unpack /Users/student/.npm/nan/2.3.5/package.tgz
342 verbose tar unpacking to /Users/student/Desktop/2016-09-shortly-express/node_modules/bcrypt-as-promised/node_modules/bcrypt/node_modules/nan
343 silly gentlyRm /Users/student/Desktop/2016-09-shortly-express/node_modules/bcrypt-as-promised/node_modules/bcrypt/node_modules/nan is being purged
344 verbose gentlyRm don't care about contents; nuking /Users/student/Desktop/2016-09-shortly-express/node_modules/bcrypt-as-promised/node_modules/bcrypt/node_modules/nan
345 verbose tar unpack /Users/student/.npm/bindings/1.2.1/package.tgz
346 verbose tar unpacking to /Users/student/Desktop/2016-09-shortly-express/node_modules/bcrypt-as-promised/node_modules/bcrypt/node_modules/bindings
347 silly gentlyRm /Users/student/Desktop/2016-09-shortly-express/node_modules/bcrypt-as-promised/node_modules/bcrypt/node_modules/bindings is being purged
348 verbose gentlyRm don't care about contents; nuking /Users/student/Desktop/2016-09-shortly-express/node_modules/bcrypt-as-promised/node_modules/bcrypt/node_modules/bindings
349 silly gunzTarPerm modes [ '755', '644' ]
350 silly gunzTarPerm modes [ '755', '644' ]
351 silly gunzTarPerm extractEntry package.json
352 silly gunzTarPerm extractEntry README.md
353 silly gunzTarPerm extractEntry bindings.js
354 silly gunzTarPerm extractEntry package.json
355 silly gunzTarPerm modified mode [ 'package.json', 436, 420 ]
356 verbose write writing to /Users/student/Desktop/2016-09-shortly-express/node_modules/bcrypt-as-promised/node_modules/bcrypt/node_modules/bindings/package.json
357 silly gunzTarPerm extractEntry README.md
358 silly gunzTarPerm modified mode [ 'README.md', 436, 420 ]
359 silly gunzTarPerm extractEntry include_dirs.js
360 silly gunzTarPerm modified mode [ 'include_dirs.js', 436, 420 ]
361 info preinstall bindings@1.2.1
362 verbose readDependencies loading dependencies from /Users/student/Desktop/2016-09-shortly-express/node_modules/bcrypt-as-promised/node_modules/bcrypt/node_modules/bindings/package.json
363 silly gunzTarPerm extractEntry nan_converters.h
364 silly gunzTarPerm modified mode [ 'nan_converters.h', 436, 420 ]
365 silly gunzTarPerm extractEntry LICENSE.md
366 silly gunzTarPerm modified mode [ 'LICENSE.md', 436, 420 ]
367 silly gunzTarPerm extractEntry doc/node_misc.md
368 silly gunzTarPerm modified mode [ 'doc/node_misc.md', 436, 420 ]
369 silly gunzTarPerm extractEntry doc/asyncworker.md
370 silly gunzTarPerm modified mode [ 'doc/asyncworker.md', 436, 420 ]
371 verbose readDependencies loading dependencies from /Users/student/Desktop/2016-09-shortly-express/node_modules/bcrypt-as-promised/node_modules/bcrypt/node_modules/bindings/package.json
372 silly install resolved []
373 verbose about to build /Users/student/Desktop/2016-09-shortly-express/node_modules/bcrypt-as-promised/node_modules/bcrypt/node_modules/bindings
374 info build /Users/student/Desktop/2016-09-shortly-express/node_modules/bcrypt-as-promised/node_modules/bcrypt/node_modules/bindings
375 silly gunzTarPerm extractEntry doc/callback.md
376 silly gunzTarPerm modified mode [ 'doc/callback.md', 436, 420 ]
377 silly gunzTarPerm extractEntry doc/converters.md
378 silly gunzTarPerm modified mode [ 'doc/converters.md', 436, 420 ]
379 info linkStuff bindings@1.2.1
380 silly linkStuff bindings@1.2.1 has /Users/student/Desktop/2016-09-shortly-express/node_modules/bcrypt-as-promised/node_modules/bcrypt/node_modules as its parent node_modules
381 silly gunzTarPerm extractEntry doc/errors.md
382 silly gunzTarPerm modified mode [ 'doc/errors.md', 436, 420 ]
383 silly gunzTarPerm extractEntry doc/maybe_types.md
384 silly gunzTarPerm modified mode [ 'doc/maybe_types.md', 436, 420 ]
385 verbose linkBins bindings@1.2.1
386 verbose linkMans bindings@1.2.1
387 verbose rebuildBundles bindings@1.2.1
388 info install bindings@1.2.1
389 info postinstall bindings@1.2.1
390 silly gunzTarPerm extractEntry doc/methods.md
391 silly gunzTarPerm modified mode [ 'doc/methods.md', 436, 420 ]
392 silly gunzTarPerm extractEntry doc/new.md
393 silly gunzTarPerm modified mode [ 'doc/new.md', 436, 420 ]
394 verbose unlock done using /Users/student/.npm/_locks/bindings-61965ab0640653a4.lock for /Users/student/Desktop/2016-09-shortly-express/node_modules/bcrypt-as-promised/node_modules/bcrypt/node_modules/bindings
395 silly gunzTarPerm extractEntry doc/buffers.md
396 silly gunzTarPerm modified mode [ 'doc/buffers.md', 436, 420 ]
397 silly gunzTarPerm extractEntry doc/object_wrappers.md
398 silly gunzTarPerm modified mode [ 'doc/object_wrappers.md', 436, 420 ]
399 silly gunzTarPerm extractEntry doc/persistent.md
400 silly gunzTarPerm modified mode [ 'doc/persistent.md', 436, 420 ]
401 silly gunzTarPerm extractEntry doc/scopes.md
402 silly gunzTarPerm modified mode [ 'doc/scopes.md', 436, 420 ]
403 silly gunzTarPerm extractEntry doc/script.md
404 silly gunzTarPerm modified mode [ 'doc/script.md', 436, 420 ]
405 silly gunzTarPerm extractEntry doc/string_bytes.md
406 silly gunzTarPerm modified mode [ 'doc/string_bytes.md', 436, 420 ]
407 silly gunzTarPerm extractEntry doc/v8_internals.md
408 silly gunzTarPerm modified mode [ 'doc/v8_internals.md', 436, 420 ]
409 silly gunzTarPerm extractEntry doc/v8_misc.md
410 silly gunzTarPerm modified mode [ 'doc/v8_misc.md', 436, 420 ]
411 silly gunzTarPerm extractEntry nan.h
412 silly gunzTarPerm modified mode [ 'nan.h', 436, 420 ]
413 silly gunzTarPerm extractEntry nan_callbacks.h
414 silly gunzTarPerm modified mode [ 'nan_callbacks.h', 436, 420 ]
415 silly gunzTarPerm extractEntry nan_callbacks_12_inl.h
416 silly gunzTarPerm modified mode [ 'nan_callbacks_12_inl.h', 436, 420 ]
417 silly gunzTarPerm extractEntry nan_callbacks_pre_12_inl.h
418 silly gunzTarPerm modified mode [ 'nan_callbacks_pre_12_inl.h', 436, 420 ]
419 silly gunzTarPerm extractEntry nan_converters_43_inl.h
420 silly gunzTarPerm modified mode [ 'nan_converters_43_inl.h', 436, 420 ]
421 silly gunzTarPerm extractEntry nan_converters_pre_43_inl.h
422 silly gunzTarPerm modified mode [ 'nan_converters_pre_43_inl.h', 436, 420 ]
423 silly gunzTarPerm extractEntry nan_implementation_12_inl.h
424 silly gunzTarPerm modified mode [ 'nan_implementation_12_inl.h', 436, 420 ]
425 silly gunzTarPerm extractEntry nan_implementation_pre_12_inl.h
426 silly gunzTarPerm modified mode [ 'nan_implementation_pre_12_inl.h', 436, 420 ]
427 silly gunzTarPerm extractEntry nan_maybe_43_inl.h
428 silly gunzTarPerm modified mode [ 'nan_maybe_43_inl.h', 436, 420 ]
429 silly gunzTarPerm extractEntry nan_maybe_pre_43_inl.h
430 silly gunzTarPerm modified mode [ 'nan_maybe_pre_43_inl.h', 436, 420 ]
431 silly gunzTarPerm extractEntry nan_new.h
432 silly gunzTarPerm modified mode [ 'nan_new.h', 436, 420 ]
433 silly gunzTarPerm extractEntry nan_object_wrap.h
434 silly gunzTarPerm modified mode [ 'nan_object_wrap.h', 436, 420 ]
435 silly gunzTarPerm extractEntry nan_persistent_12_inl.h
436 silly gunzTarPerm modified mode [ 'nan_persistent_12_inl.h', 436, 420 ]
437 silly gunzTarPerm extractEntry nan_persistent_pre_12_inl.h
438 silly gunzTarPerm modified mode [ 'nan_persistent_pre_12_inl.h', 436, 420 ]
439 silly gunzTarPerm extractEntry nan_string_bytes.h
440 silly gunzTarPerm modified mode [ 'nan_string_bytes.h', 436, 420 ]
441 verbose write writing to /Users/student/Desktop/2016-09-shortly-express/node_modules/bcrypt-as-promised/node_modules/when/package.json
442 silly gunzTarPerm extractEntry nan_typedarray_contents.h
443 silly gunzTarPerm modified mode [ 'nan_typedarray_contents.h', 436, 420 ]
444 silly gunzTarPerm extractEntry nan_weak.h
445 silly gunzTarPerm modified mode [ 'nan_weak.h', 436, 420 ]
446 info preinstall when@3.7.7
447 verbose readDependencies loading dependencies from /Users/student/Desktop/2016-09-shortly-express/node_modules/bcrypt-as-promised/node_modules/when/package.json
448 silly gunzTarPerm extractEntry CHANGELOG.md
449 silly gunzTarPerm modified mode [ 'CHANGELOG.md', 436, 420 ]
450 silly gunzTarPerm extractEntry tools/package.json
451 silly gunzTarPerm modified mode [ 'tools/package.json', 436, 420 ]
452 verbose readDependencies loading dependencies from /Users/student/Desktop/2016-09-shortly-express/node_modules/bcrypt-as-promised/node_modules/when/package.json
453 silly install resolved []
454 verbose about to build /Users/student/Desktop/2016-09-shortly-express/node_modules/bcrypt-as-promised/node_modules/when
455 info build /Users/student/Desktop/2016-09-shortly-express/node_modules/bcrypt-as-promised/node_modules/when
456 silly gunzTarPerm extractEntry tools/README.md
457 silly gunzTarPerm modified mode [ 'tools/README.md', 436, 420 ]
458 silly gunzTarPerm extractEntry tools/1to2.js
459 silly gunzTarPerm modified mode [ 'tools/1to2.js', 509, 493 ]
460 info linkStuff when@3.7.7
461 silly linkStuff when@3.7.7 has /Users/student/Desktop/2016-09-shortly-express/node_modules/bcrypt-as-promised/node_modules as its parent node_modules
462 verbose linkBins when@3.7.7
463 verbose linkMans when@3.7.7
464 verbose rebuildBundles when@3.7.7
465 info install when@3.7.7
466 info postinstall when@3.7.7
467 verbose unlock done using /Users/student/.npm/_locks/when-7f1b3c8e4dfe8158.lock for /Users/student/Desktop/2016-09-shortly-express/node_modules/bcrypt-as-promised/node_modules/when
468 verbose write writing to /Users/student/Desktop/2016-09-shortly-express/node_modules/bcrypt-as-promised/node_modules/bcrypt/node_modules/nan/package.json
469 info preinstall nan@2.3.5
470 verbose readDependencies loading dependencies from /Users/student/Desktop/2016-09-shortly-express/node_modules/bcrypt-as-promised/node_modules/bcrypt/node_modules/nan/package.json
471 verbose readDependencies loading dependencies from /Users/student/Desktop/2016-09-shortly-express/node_modules/bcrypt-as-promised/node_modules/bcrypt/node_modules/nan/package.json
472 silly install resolved []
473 verbose about to build /Users/student/Desktop/2016-09-shortly-express/node_modules/bcrypt-as-promised/node_modules/bcrypt/node_modules/nan
474 info build /Users/student/Desktop/2016-09-shortly-express/node_modules/bcrypt-as-promised/node_modules/bcrypt/node_modules/nan
475 info linkStuff nan@2.3.5
476 silly linkStuff nan@2.3.5 has /Users/student/Desktop/2016-09-shortly-express/node_modules/bcrypt-as-promised/node_modules/bcrypt/node_modules as its parent node_modules
477 verbose linkBins nan@2.3.5
478 verbose linkMans nan@2.3.5
479 verbose rebuildBundles nan@2.3.5
480 info install nan@2.3.5
481 info postinstall nan@2.3.5
482 verbose unlock done using /Users/student/.npm/_locks/nan-d963c311be3a4162.lock for /Users/student/Desktop/2016-09-shortly-express/node_modules/bcrypt-as-promised/node_modules/bcrypt/node_modules/nan
483 verbose about to build /Users/student/Desktop/2016-09-shortly-express/node_modules/bcrypt-as-promised/node_modules/bcrypt
484 info build /Users/student/Desktop/2016-09-shortly-express/node_modules/bcrypt-as-promised/node_modules/bcrypt
485 info linkStuff bcrypt@0.8.7
486 silly linkStuff bcrypt@0.8.7 has /Users/student/Desktop/2016-09-shortly-express/node_modules/bcrypt-as-promised/node_modules as its parent node_modules
487 verbose linkBins bcrypt@0.8.7
488 verbose linkMans bcrypt@0.8.7
489 verbose rebuildBundles bcrypt@0.8.7
490 verbose rebuildBundles [ 'bindings', 'nan' ]
491 info install bcrypt@0.8.7
492 verbose unsafe-perm in lifecycle true
493 info bcrypt@0.8.7 Failed to exec install script
494 verbose unlock done using /Users/student/.npm/_locks/bcrypt-af8ba2eeb00ef25c.lock for /Users/student/Desktop/2016-09-shortly-express/node_modules/bcrypt-as-promised/node_modules/bcrypt
495 verbose about to build /Users/student/Desktop/2016-09-shortly-express/node_modules/bcrypt-as-promised
496 verbose unlock done using /Users/student/.npm/_locks/bcrypt-as-promised-e2a8cca533025402.lock for /Users/student/Desktop/2016-09-shortly-express/node_modules/bcrypt-as-promised
497 verbose stack Error: bcrypt@0.8.7 install: `node-gyp rebuild`
497 verbose stack Exit status 1
497 verbose stack     at EventEmitter.<anonymous> (/usr/local/lib/node_modules/npm/lib/utils/lifecycle.js:217:16)
497 verbose stack     at emitTwo (events.js:87:13)
497 verbose stack     at EventEmitter.emit (events.js:172:7)
497 verbose stack     at ChildProcess.<anonymous> (/usr/local/lib/node_modules/npm/lib/utils/spawn.js:24:14)
497 verbose stack     at emitTwo (events.js:87:13)
497 verbose stack     at ChildProcess.emit (events.js:172:7)
497 verbose stack     at maybeClose (internal/child_process.js:829:16)
497 verbose stack     at Process.ChildProcess._handle.onexit (internal/child_process.js:211:5)
498 verbose pkgid bcrypt@0.8.7
499 verbose cwd /Users/student/Desktop/2016-09-shortly-express
500 error Darwin 15.3.0
501 error argv "/usr/local/bin/node" "/usr/local/bin/npm" "install" "bcrypt-as-promised" "--save"
502 error node v4.6.0
503 error npm  v2.15.9
504 error code ELIFECYCLE
505 error bcrypt@0.8.7 install: `node-gyp rebuild`
505 error Exit status 1
506 error Failed at the bcrypt@0.8.7 install script 'node-gyp rebuild'.
506 error This is most likely a problem with the bcrypt package,
506 error not with npm itself.
506 error Tell the author that this fails on your system:
506 error     node-gyp rebuild
506 error You can get information on how to open an issue for this project with:
506 error     npm bugs bcrypt
506 error Or if that isn't available, you can get their info via:
506 error
506 error     npm owner ls bcrypt
506 error There is likely additional logging output above.
507 verbose exit [ 1, true ]
508 verbose unbuild node_modules/bcrypt-as-promised/node_modules/bcrypt
509 info preuninstall bcrypt@0.8.7
510 info uninstall bcrypt@0.8.7
511 verbose unbuild rmStuff bcrypt@0.8.7 from /Users/student/Desktop/2016-09-shortly-express/node_modules
512 verbose unbuild rmStuff in /Users/student/Desktop/2016-09-shortly-express/node_modules/bcrypt-as-promised/node_modules
513 info postuninstall bcrypt@0.8.7
514 silly gentlyRm /Users/student/Desktop/2016-09-shortly-express/node_modules/bcrypt-as-promised/node_modules/bcrypt is being purged from base /Users/student/Desktop/2016-09-shortly-express
515 verbose gentlyRm don't care about contents; nuking /Users/student/Desktop/2016-09-shortly-express/node_modules/bcrypt-as-promised/node_modules/bcrypt
516 silly vacuum-fs purging /Users/student/Desktop/2016-09-shortly-express/node_modules/bcrypt-as-promised/node_modules/bcrypt
517 silly vacuum-fs quitting because other entries in /Users/student/Desktop/2016-09-shortly-express/node_modules/bcrypt-as-promised/node_modules
518 verbose unbuild node_modules/bcrypt-as-promised
519 info preuninstall bcrypt-as-promised@1.1.0
520 info uninstall bcrypt-as-promised@1.1.0
521 verbose unbuild rmStuff bcrypt-as-promised@1.1.0 from /Users/student/Desktop/2016-09-shortly-express/node_modules
522 info postuninstall bcrypt-as-promised@1.1.0
523 silly gentlyRm /Users/student/Desktop/2016-09-shortly-express/node_modules/bcrypt-as-promised is being purged from base /Users/student/Desktop/2016-09-shortly-express
524 verbose gentlyRm don't care about contents; nuking /Users/student/Desktop/2016-09-shortly-express/node_modules/bcrypt-as-promised
525 silly vacuum-fs purging /Users/student/Desktop/2016-09-shortly-express/node_modules/bcrypt-as-promised
526 silly vacuum-fs quitting because other entries in /Users/student/Desktop/2016-09-shortly-express/node_modules
